<?xml version="1.0" encoding="UTF-8"?>
<!-- Generated by org.testng.reporters.JUnitReportReporter -->
<testsuite hostname="Lenovo-PC" name="tests.LoginTest" tests="1" failures="0" timestamp="5 Aug 2016 09:15:50 GMT" time="62.762" errors="0">
  <testcase name="checkvaliduser" time="62.762" classname="tests.LoginTest"/>
</testsuite> <!-- tests.LoginTest -->
